Build started 2014/05/13 (火) 13:52:22.
     1>Project "E:\Users\idest_000\SkyDrive\Visual Studio 2010\Projects\sxenextract\sxenextract\sxenextract.vcxproj" on node 2 (build target(s)).
     1>InitializeBuildStatus:
         Creating "Debug\sxenextract.unsuccessfulbuild" because "AlwaysCreate" was specified.
       ClCompile:
         C:\Program Files (x86)\Microsoft Visual Studio 10.0\VC\bin\CL.exe /c /ZI /nologo /W3 /WX- /Od /Oy- /D _MBCS /Gm /EHsc /RTC1 /MDd /GS /fp:precise /Zc:wchar_t /Zc:forScope /Fo"Debug\\" /Fd"Debug\vc100.pdb" /Gd /TP /analyze- /errorReport:prompt sxenextract.cpp
         sxenextract.cpp
     1>e:\users\idest_000\skydrive\visual studio 2010\projects\sxenextract\sxenextract\sxenextract.cpp(37): warning C4244: '+=' : conversion from 'double' to 'unsigned int', possible loss of data
       Link:
         C:\Program Files (x86)\Microsoft Visual Studio 10.0\VC\bin\link.exe /ERRORREPORT:PROMPT /OUT:"E:\Users\idest_000\SkyDrive\Visual Studio 2010\Projects\sxenextract\Debug\sxenextract.exe" /NOLOGO kernel32.lib user32.lib gdi32.lib winspool.lib comdlg32.lib advapi32.lib shell32.lib ole32.lib oleaut32.lib uuid.lib odbc32.lib odbccp32.lib /MANIFEST /ManifestFile:"Debug\sxenextract.exe.intermediate.manifest" /MANIFESTUAC:"level='asInvoker' uiAccess='false'" /DEBUG /PDB:"E:\Users\idest_000\SkyDrive\Visual Studio 2010\Projects\sxenextract\Debug\sxenextract.pdb" /TLBID:1 /DYNAMICBASE /NXCOMPAT /IMPLIB:"E:\Users\idest_000\SkyDrive\Visual Studio 2010\Projects\sxenextract\Debug\sxenextract.lib" /MACHINE:X86 Debug\sxenextract.obj
         LINK : E:\Users\idest_000\SkyDrive\Visual Studio 2010\Projects\sxenextract\Debug\sxenextract.exe not found or not built by the last incremental link; performing full link
         sxenextract.vcxproj -> E:\Users\idest_000\SkyDrive\Visual Studio 2010\Projects\sxenextract\Debug\sxenextract.exe
       Manifest:
         C:\Program Files (x86)\Microsoft SDKs\Windows\v7.0A\bin\mt.exe /nologo /verbose /outputresource:"E:\Users\idest_000\SkyDrive\Visual Studio 2010\Projects\sxenextract\Debug\sxenextract.exe;#1" /manifest Debug\sxenextract.exe.intermediate.manifest
       FinalizeBuildStatus:
         Deleting file "Debug\sxenextract.unsuccessfulbuild".
         Touching "Debug\sxenextract.lastbuildstate".
     1>Done Building Project "E:\Users\idest_000\SkyDrive\Visual Studio 2010\Projects\sxenextract\sxenextract\sxenextract.vcxproj" (build target(s)).

Build succeeded.

Time Elapsed 00:00:00.97
